/Users/ashokkumar/Desktop/alg-discovery/.venv/lib/python3.9/site-packages/urllib3/__init__.py:35: NotOpenSSLWarning: urllib3 v2 only supports OpenSSL 1.1.1+, currently the 'ssl' module is compiled with 'LibreSSL 2.8.3'. See: https://github.com/urllib3/urllib3/issues/3020
  warnings.warn(
Full services not available - creating simplified version
INFO:     Will watch for changes in these directories: ['/Users/ashokkumar/Desktop/alg-discovery']
INFO:     Uvicorn running on http://0.0.0.0:8001 (Press CTRL+C to quit)
INFO:     Started reloader process [57023] using WatchFiles
/Users/ashokkumar/Desktop/alg-discovery/.venv/lib/python3.9/site-packages/urllib3/__init__.py:35: NotOpenSSLWarning: urllib3 v2 only supports OpenSSL 1.1.1+, currently the 'ssl' module is compiled with 'LibreSSL 2.8.3'. See: https://github.com/urllib3/urllib3/issues/3020
  warnings.warn(
Full services not available - creating simplified version
2025-07-02 00:31:50,780 - longterm_server - WARNING - Full services not available - creating simplified version
INFO:     Started server process [57028]
INFO:     Waiting for application startup.
2025-07-02 00:31:50,785 - longterm_server - INFO - 🚀 Starting Long-Term Investment Server...
2025-07-02 00:31:50,785 - longterm_server - INFO - ✅ Mock long-term investment services initialized
INFO:     Application startup complete.
2025-07-02 00:31:51,708 - watchfiles.main - INFO - 2 changes detected
2025-07-02 00:32:13,615 - watchfiles.main - INFO - 1 change detected
2025-07-02 00:32:15,957 - watchfiles.main - INFO - 1 change detected
2025-07-02 00:32:33,205 - watchfiles.main - INFO - 1 change detected
2025-07-02 00:32:33,563 - watchfiles.main - INFO - 1 change detected
2025-07-02 00:32:34,254 - watchfiles.main - INFO - 2 changes detected
2025-07-02 00:32:36,349 - watchfiles.main - INFO - 2 changes detected
2025-07-02 00:32:38,337 - watchfiles.main - INFO - 2 changes detected
2025-07-02 00:32:58,931 - watchfiles.main - INFO - 1 change detected
2025-07-02 00:33:14,457 - watchfiles.main - INFO - 1 change detected
2025-07-02 00:43:05,684 - watchfiles.main - INFO - 1 change detected
2025-07-02 00:43:09,004 - watchfiles.main - INFO - 1 change detected
2025-07-02 00:43:15,563 - watchfiles.main - INFO - 18 changes detected
2025-07-02 00:43:17,262 - watchfiles.main - INFO - 17 changes detected
2025-07-02 00:43:23,399 - watchfiles.main - INFO - 72 changes detected
WARNING:  WatchFiles detected changes in 'main_orchestrator.py', 'archive/config.py', 'archive/mock_chartink_demo.py', 'archive/order_server.py', 'main_server.py', 'archive/test_dynamic_selector.py', 'archive/longterm_server.py', 'archive/stock_scanner_app.py', 'archive/dashboard_v2.py', '5min_stocks.py', 'archive/test.py', 'archive/dynamic_stock_selector.py', 'archive/test_cron1.py', 'stock_scanner_app.py', 'archive/start.py', 'longterm_server.py', 'config.py', 'mock_chartink_demo.py', 'archive/start_services.py', 'order_server.py', 'test_dynamic_selector.py', 'dashboard_v2.py', 'test_cron1.py', 'test.py', 'dynamic_stock_selector.py', 'start.py', 'start_services.py', 'archive/dashboard_v1.py', 'archive/real_time_streamlit_example.py', 'archive/chartink_integration_example.py', 'archive/hello_world.py', 'archive/stock_test.py', 'archive/install.py', 'fetch_and_store_stock_data.py', 'archive/recommendation_engine_demo.py', 'dashboard_v1.py', 'archive/table_with_popup.py', 'archive/stock_scanner.py', 'chartink_integration_example.py', 'real_time_streamlit_example.py', 'archive/launch_app.py', 'hello_world.py', 'stock_test.py', 'archive/analytics_server.py', 'archive/integrated_trading_demo.py', 'install.py', 'recommendation_engine_demo.py', 'archive/algodiscovery_client.py', 'archive/create_nse_list.py', 'archive/chartink_recommendation_demo.py', 'launch_app.py', 'table_with_popup.py', 'archive/test_cron_script.py', 'archive/intraday_demo.py', 'archive/run.py', 'stock_scanner.py', 'archive/fetch_and_store_stock_data.py', 'archive/main_orchestrator.py', 'integrated_trading_demo.py', 'archive/main_server.py', 'test_cron_script.py', 'archive/5min_stocks.py', 'archive/home.py', 'algodiscovery_client.py', 'create_nse_list.py', 'chartink_recommendation_demo.py', 'analytics_server.py', 'run.py', 'intraday_demo.py', 'archive/streamlit_integration_example.py', 'home.py', 'streamlit_integration_example.py'. Reloading...
INFO:     Shutting down
INFO:     Waiting for application shutdown.
2025-07-02 00:43:23,517 - longterm_server - INFO - 🛑 Long-term investment services stopped
INFO:     Application shutdown complete.
INFO:     Finished server process [57028]
Traceback (most recent call last):
  File "<string>", line 1, in <module>
  File "/Library/Developer/CommandLineTools/Library/Frameworks/Python3.framework/Versions/3.9/lib/python3.9/multiprocessing/spawn.py", line 116, in spawn_main
    exitcode = _main(fd, parent_sentinel)
  File "/Library/Developer/CommandLineTools/Library/Frameworks/Python3.framework/Versions/3.9/lib/python3.9/multiprocessing/spawn.py", line 125, in _main
    prepare(preparation_data)
  File "/Library/Developer/CommandLineTools/Library/Frameworks/Python3.framework/Versions/3.9/lib/python3.9/multiprocessing/spawn.py", line 236, in prepare
    _fixup_main_from_path(data['init_main_from_path'])
  File "/Library/Developer/CommandLineTools/Library/Frameworks/Python3.framework/Versions/3.9/lib/python3.9/multiprocessing/spawn.py", line 287, in _fixup_main_from_path
    main_content = runpy.run_path(main_path,
  File "/Library/Developer/CommandLineTools/Library/Frameworks/Python3.framework/Versions/3.9/lib/python3.9/runpy.py", line 267, in run_path
    code, fname = _get_code_from_file(run_name, path_name)
  File "/Library/Developer/CommandLineTools/Library/Frameworks/Python3.framework/Versions/3.9/lib/python3.9/runpy.py", line 237, in _get_code_from_file
    with io.open_code(decoded_path) as f:
FileNotFoundError: [Errno 2] No such file or directory: '/Users/ashokkumar/Desktop/alg-discovery/longterm_server.py'
2025-07-02 00:43:25,269 - watchfiles.main - INFO - 8 changes detected
2025-07-02 00:43:27,244 - watchfiles.main - INFO - 10 changes detected
2025-07-02 00:43:29,274 - watchfiles.main - INFO - 20 changes detected
2025-07-02 00:43:31,316 - watchfiles.main - INFO - 8 changes detected
2025-07-02 00:43:38,840 - watchfiles.main - INFO - 1 change detected
2025-07-02 00:43:43,370 - watchfiles.main - INFO - 1 change detected
2025-07-02 00:43:48,354 - watchfiles.main - INFO - 1 change detected
2025-07-02 00:44:27,726 - watchfiles.main - INFO - 1 change detected
WARNING:  WatchFiles detected changes in 'core/database/config.py'. Reloading...
Traceback (most recent call last):
  File "<string>", line 1, in <module>
  File "/Library/Developer/CommandLineTools/Library/Frameworks/Python3.framework/Versions/3.9/lib/python3.9/multiprocessing/spawn.py", line 116, in spawn_main
    exitcode = _main(fd, parent_sentinel)
  File "/Library/Developer/CommandLineTools/Library/Frameworks/Python3.framework/Versions/3.9/lib/python3.9/multiprocessing/spawn.py", line 125, in _main
    prepare(preparation_data)
  File "/Library/Developer/CommandLineTools/Library/Frameworks/Python3.framework/Versions/3.9/lib/python3.9/multiprocessing/spawn.py", line 236, in prepare
    _fixup_main_from_path(data['init_main_from_path'])
  File "/Library/Developer/CommandLineTools/Library/Frameworks/Python3.framework/Versions/3.9/lib/python3.9/multiprocessing/spawn.py", line 287, in _fixup_main_from_path
    main_content = runpy.run_path(main_path,
  File "/Library/Developer/CommandLineTools/Library/Frameworks/Python3.framework/Versions/3.9/lib/python3.9/runpy.py", line 267, in run_path
    code, fname = _get_code_from_file(run_name, path_name)
  File "/Library/Developer/CommandLineTools/Library/Frameworks/Python3.framework/Versions/3.9/lib/python3.9/runpy.py", line 237, in _get_code_from_file
    with io.open_code(decoded_path) as f:
FileNotFoundError: [Errno 2] No such file or directory: '/Users/ashokkumar/Desktop/alg-discovery/longterm_server.py'
2025-07-02 00:44:30,958 - watchfiles.main - INFO - 1 change detected
WARNING:  WatchFiles detected changes in 'core/database/config.py'. Reloading...
Traceback (most recent call last):
  File "<string>", line 1, in <module>
  File "/Library/Developer/CommandLineTools/Library/Frameworks/Python3.framework/Versions/3.9/lib/python3.9/multiprocessing/spawn.py", line 116, in spawn_main
    exitcode = _main(fd, parent_sentinel)
  File "/Library/Developer/CommandLineTools/Library/Frameworks/Python3.framework/Versions/3.9/lib/python3.9/multiprocessing/spawn.py", line 125, in _main
    prepare(preparation_data)
  File "/Library/Developer/CommandLineTools/Library/Frameworks/Python3.framework/Versions/3.9/lib/python3.9/multiprocessing/spawn.py", line 236, in prepare
    _fixup_main_from_path(data['init_main_from_path'])
  File "/Library/Developer/CommandLineTools/Library/Frameworks/Python3.framework/Versions/3.9/lib/python3.9/multiprocessing/spawn.py", line 287, in _fixup_main_from_path
    main_content = runpy.run_path(main_path,
  File "/Library/Developer/CommandLineTools/Library/Frameworks/Python3.framework/Versions/3.9/lib/python3.9/runpy.py", line 267, in run_path
    code, fname = _get_code_from_file(run_name, path_name)
  File "/Library/Developer/CommandLineTools/Library/Frameworks/Python3.framework/Versions/3.9/lib/python3.9/runpy.py", line 237, in _get_code_from_file
    with io.open_code(decoded_path) as f:
FileNotFoundError: [Errno 2] No such file or directory: '/Users/ashokkumar/Desktop/alg-discovery/longterm_server.py'
2025-07-02 00:44:57,399 - watchfiles.main - INFO - 1 change detected
2025-07-02 00:44:59,693 - watchfiles.main - INFO - 1 change detected
WARNING:  WatchFiles detected changes in 'core/database/config.py'. Reloading...
Traceback (most recent call last):
  File "<string>", line 1, in <module>
  File "/Library/Developer/CommandLineTools/Library/Frameworks/Python3.framework/Versions/3.9/lib/python3.9/multiprocessing/spawn.py", line 116, in spawn_main
    exitcode = _main(fd, parent_sentinel)
  File "/Library/Developer/CommandLineTools/Library/Frameworks/Python3.framework/Versions/3.9/lib/python3.9/multiprocessing/spawn.py", line 125, in _main
    prepare(preparation_data)
  File "/Library/Developer/CommandLineTools/Library/Frameworks/Python3.framework/Versions/3.9/lib/python3.9/multiprocessing/spawn.py", line 236, in prepare
    _fixup_main_from_path(data['init_main_from_path'])
  File "/Library/Developer/CommandLineTools/Library/Frameworks/Python3.framework/Versions/3.9/lib/python3.9/multiprocessing/spawn.py", line 287, in _fixup_main_from_path
    main_content = runpy.run_path(main_path,
  File "/Library/Developer/CommandLineTools/Library/Frameworks/Python3.framework/Versions/3.9/lib/python3.9/runpy.py", line 267, in run_path
    code, fname = _get_code_from_file(run_name, path_name)
  File "/Library/Developer/CommandLineTools/Library/Frameworks/Python3.framework/Versions/3.9/lib/python3.9/runpy.py", line 237, in _get_code_from_file
    with io.open_code(decoded_path) as f:
FileNotFoundError: [Errno 2] No such file or directory: '/Users/ashokkumar/Desktop/alg-discovery/longterm_server.py'
2025-07-02 00:45:21,647 - watchfiles.main - INFO - 1 change detected
WARNING:  WatchFiles detected changes in 'core/database/cache/redis_manager.py'. Reloading...
Traceback (most recent call last):
  File "<string>", line 1, in <module>
  File "/Library/Developer/CommandLineTools/Library/Frameworks/Python3.framework/Versions/3.9/lib/python3.9/multiprocessing/spawn.py", line 116, in spawn_main
    exitcode = _main(fd, parent_sentinel)
  File "/Library/Developer/CommandLineTools/Library/Frameworks/Python3.framework/Versions/3.9/lib/python3.9/multiprocessing/spawn.py", line 125, in _main
    prepare(preparation_data)
  File "/Library/Developer/CommandLineTools/Library/Frameworks/Python3.framework/Versions/3.9/lib/python3.9/multiprocessing/spawn.py", line 236, in prepare
    _fixup_main_from_path(data['init_main_from_path'])
  File "/Library/Developer/CommandLineTools/Library/Frameworks/Python3.framework/Versions/3.9/lib/python3.9/multiprocessing/spawn.py", line 287, in _fixup_main_from_path
    main_content = runpy.run_path(main_path,
  File "/Library/Developer/CommandLineTools/Library/Frameworks/Python3.framework/Versions/3.9/lib/python3.9/runpy.py", line 267, in run_path
    code, fname = _get_code_from_file(run_name, path_name)
  File "/Library/Developer/CommandLineTools/Library/Frameworks/Python3.framework/Versions/3.9/lib/python3.9/runpy.py", line 237, in _get_code_from_file
    with io.open_code(decoded_path) as f:
FileNotFoundError: [Errno 2] No such file or directory: '/Users/ashokkumar/Desktop/alg-discovery/longterm_server.py'
2025-07-02 00:45:23,994 - watchfiles.main - INFO - 1 change detected
WARNING:  WatchFiles detected changes in 'core/database/cache/redis_manager.py'. Reloading...
Traceback (most recent call last):
  File "<string>", line 1, in <module>
  File "/Library/Developer/CommandLineTools/Library/Frameworks/Python3.framework/Versions/3.9/lib/python3.9/multiprocessing/spawn.py", line 116, in spawn_main
    exitcode = _main(fd, parent_sentinel)
  File "/Library/Developer/CommandLineTools/Library/Frameworks/Python3.framework/Versions/3.9/lib/python3.9/multiprocessing/spawn.py", line 125, in _main
    prepare(preparation_data)
  File "/Library/Developer/CommandLineTools/Library/Frameworks/Python3.framework/Versions/3.9/lib/python3.9/multiprocessing/spawn.py", line 236, in prepare
    _fixup_main_from_path(data['init_main_from_path'])
  File "/Library/Developer/CommandLineTools/Library/Frameworks/Python3.framework/Versions/3.9/lib/python3.9/multiprocessing/spawn.py", line 287, in _fixup_main_from_path
    main_content = runpy.run_path(main_path,
  File "/Library/Developer/CommandLineTools/Library/Frameworks/Python3.framework/Versions/3.9/lib/python3.9/runpy.py", line 267, in run_path
    code, fname = _get_code_from_file(run_name, path_name)
  File "/Library/Developer/CommandLineTools/Library/Frameworks/Python3.framework/Versions/3.9/lib/python3.9/runpy.py", line 237, in _get_code_from_file
    with io.open_code(decoded_path) as f:
FileNotFoundError: [Errno 2] No such file or directory: '/Users/ashokkumar/Desktop/alg-discovery/longterm_server.py'
2025-07-02 00:45:25,854 - watchfiles.main - INFO - 1 change detected
WARNING:  WatchFiles detected changes in 'core/database/cache/redis_manager.py'. Reloading...
Traceback (most recent call last):
  File "<string>", line 1, in <module>
  File "/Library/Developer/CommandLineTools/Library/Frameworks/Python3.framework/Versions/3.9/lib/python3.9/multiprocessing/spawn.py", line 116, in spawn_main
    exitcode = _main(fd, parent_sentinel)
  File "/Library/Developer/CommandLineTools/Library/Frameworks/Python3.framework/Versions/3.9/lib/python3.9/multiprocessing/spawn.py", line 125, in _main
    prepare(preparation_data)
  File "/Library/Developer/CommandLineTools/Library/Frameworks/Python3.framework/Versions/3.9/lib/python3.9/multiprocessing/spawn.py", line 236, in prepare
    _fixup_main_from_path(data['init_main_from_path'])
  File "/Library/Developer/CommandLineTools/Library/Frameworks/Python3.framework/Versions/3.9/lib/python3.9/multiprocessing/spawn.py", line 287, in _fixup_main_from_path
    main_content = runpy.run_path(main_path,
  File "/Library/Developer/CommandLineTools/Library/Frameworks/Python3.framework/Versions/3.9/lib/python3.9/runpy.py", line 267, in run_path
    code, fname = _get_code_from_file(run_name, path_name)
  File "/Library/Developer/CommandLineTools/Library/Frameworks/Python3.framework/Versions/3.9/lib/python3.9/runpy.py", line 237, in _get_code_from_file
    with io.open_code(decoded_path) as f:
FileNotFoundError: [Errno 2] No such file or directory: '/Users/ashokkumar/Desktop/alg-discovery/longterm_server.py'
2025-07-02 00:46:13,834 - watchfiles.main - INFO - 1 change detected
WARNING:  WatchFiles detected changes in 'core/background/cron_jobs/job_scheduler.py'. Reloading...
Traceback (most recent call last):
  File "<string>", line 1, in <module>
  File "/Library/Developer/CommandLineTools/Library/Frameworks/Python3.framework/Versions/3.9/lib/python3.9/multiprocessing/spawn.py", line 116, in spawn_main
    exitcode = _main(fd, parent_sentinel)
  File "/Library/Developer/CommandLineTools/Library/Frameworks/Python3.framework/Versions/3.9/lib/python3.9/multiprocessing/spawn.py", line 125, in _main
    prepare(preparation_data)
  File "/Library/Developer/CommandLineTools/Library/Frameworks/Python3.framework/Versions/3.9/lib/python3.9/multiprocessing/spawn.py", line 236, in prepare
    _fixup_main_from_path(data['init_main_from_path'])
  File "/Library/Developer/CommandLineTools/Library/Frameworks/Python3.framework/Versions/3.9/lib/python3.9/multiprocessing/spawn.py", line 287, in _fixup_main_from_path
    main_content = runpy.run_path(main_path,
  File "/Library/Developer/CommandLineTools/Library/Frameworks/Python3.framework/Versions/3.9/lib/python3.9/runpy.py", line 267, in run_path
    code, fname = _get_code_from_file(run_name, path_name)
  File "/Library/Developer/CommandLineTools/Library/Frameworks/Python3.framework/Versions/3.9/lib/python3.9/runpy.py", line 237, in _get_code_from_file
    with io.open_code(decoded_path) as f:
FileNotFoundError: [Errno 2] No such file or directory: '/Users/ashokkumar/Desktop/alg-discovery/longterm_server.py'
2025-07-02 00:46:16,867 - watchfiles.main - INFO - 1 change detected
WARNING:  WatchFiles detected changes in 'core/background/cron_jobs/job_scheduler.py'. Reloading...
Traceback (most recent call last):
  File "<string>", line 1, in <module>
  File "/Library/Developer/CommandLineTools/Library/Frameworks/Python3.framework/Versions/3.9/lib/python3.9/multiprocessing/spawn.py", line 116, in spawn_main
    exitcode = _main(fd, parent_sentinel)
  File "/Library/Developer/CommandLineTools/Library/Frameworks/Python3.framework/Versions/3.9/lib/python3.9/multiprocessing/spawn.py", line 125, in _main
    prepare(preparation_data)
  File "/Library/Developer/CommandLineTools/Library/Frameworks/Python3.framework/Versions/3.9/lib/python3.9/multiprocessing/spawn.py", line 236, in prepare
    _fixup_main_from_path(data['init_main_from_path'])
  File "/Library/Developer/CommandLineTools/Library/Frameworks/Python3.framework/Versions/3.9/lib/python3.9/multiprocessing/spawn.py", line 287, in _fixup_main_from_path
    main_content = runpy.run_path(main_path,
  File "/Library/Developer/CommandLineTools/Library/Frameworks/Python3.framework/Versions/3.9/lib/python3.9/runpy.py", line 267, in run_path
    code, fname = _get_code_from_file(run_name, path_name)
  File "/Library/Developer/CommandLineTools/Library/Frameworks/Python3.framework/Versions/3.9/lib/python3.9/runpy.py", line 237, in _get_code_from_file
    with io.open_code(decoded_path) as f:
FileNotFoundError: [Errno 2] No such file or directory: '/Users/ashokkumar/Desktop/alg-discovery/longterm_server.py'
2025-07-02 00:46:22,232 - watchfiles.main - INFO - 1 change detected
WARNING:  WatchFiles detected changes in 'core/background/cron_jobs/job_scheduler.py'. Reloading...
Traceback (most recent call last):
  File "<string>", line 1, in <module>
  File "/Library/Developer/CommandLineTools/Library/Frameworks/Python3.framework/Versions/3.9/lib/python3.9/multiprocessing/spawn.py", line 116, in spawn_main
    exitcode = _main(fd, parent_sentinel)
  File "/Library/Developer/CommandLineTools/Library/Frameworks/Python3.framework/Versions/3.9/lib/python3.9/multiprocessing/spawn.py", line 125, in _main
    prepare(preparation_data)
  File "/Library/Developer/CommandLineTools/Library/Frameworks/Python3.framework/Versions/3.9/lib/python3.9/multiprocessing/spawn.py", line 236, in prepare
    _fixup_main_from_path(data['init_main_from_path'])
  File "/Library/Developer/CommandLineTools/Library/Frameworks/Python3.framework/Versions/3.9/lib/python3.9/multiprocessing/spawn.py", line 287, in _fixup_main_from_path
    main_content = runpy.run_path(main_path,
  File "/Library/Developer/CommandLineTools/Library/Frameworks/Python3.framework/Versions/3.9/lib/python3.9/runpy.py", line 267, in run_path
    code, fname = _get_code_from_file(run_name, path_name)
  File "/Library/Developer/CommandLineTools/Library/Frameworks/Python3.framework/Versions/3.9/lib/python3.9/runpy.py", line 237, in _get_code_from_file
    with io.open_code(decoded_path) as f:
FileNotFoundError: [Errno 2] No such file or directory: '/Users/ashokkumar/Desktop/alg-discovery/longterm_server.py'
2025-07-02 00:47:09,703 - watchfiles.main - INFO - 1 change detected
WARNING:  WatchFiles detected changes in 'core/background/cron_jobs/market_data_jobs.py'. Reloading...
Traceback (most recent call last):
  File "<string>", line 1, in <module>
  File "/Library/Developer/CommandLineTools/Library/Frameworks/Python3.framework/Versions/3.9/lib/python3.9/multiprocessing/spawn.py", line 116, in spawn_main
    exitcode = _main(fd, parent_sentinel)
  File "/Library/Developer/CommandLineTools/Library/Frameworks/Python3.framework/Versions/3.9/lib/python3.9/multiprocessing/spawn.py", line 125, in _main
    prepare(preparation_data)
  File "/Library/Developer/CommandLineTools/Library/Frameworks/Python3.framework/Versions/3.9/lib/python3.9/multiprocessing/spawn.py", line 236, in prepare
    _fixup_main_from_path(data['init_main_from_path'])
  File "/Library/Developer/CommandLineTools/Library/Frameworks/Python3.framework/Versions/3.9/lib/python3.9/multiprocessing/spawn.py", line 287, in _fixup_main_from_path
    main_content = runpy.run_path(main_path,
  File "/Library/Developer/CommandLineTools/Library/Frameworks/Python3.framework/Versions/3.9/lib/python3.9/runpy.py", line 267, in run_path
    code, fname = _get_code_from_file(run_name, path_name)
  File "/Library/Developer/CommandLineTools/Library/Frameworks/Python3.framework/Versions/3.9/lib/python3.9/runpy.py", line 237, in _get_code_from_file
    with io.open_code(decoded_path) as f:
FileNotFoundError: [Errno 2] No such file or directory: '/Users/ashokkumar/Desktop/alg-discovery/longterm_server.py'
2025-07-02 00:47:12,046 - watchfiles.main - INFO - 1 change detected
WARNING:  WatchFiles detected changes in 'core/background/cron_jobs/market_data_jobs.py'. Reloading...
Traceback (most recent call last):
  File "<string>", line 1, in <module>
  File "/Library/Developer/CommandLineTools/Library/Frameworks/Python3.framework/Versions/3.9/lib/python3.9/multiprocessing/spawn.py", line 116, in spawn_main
    exitcode = _main(fd, parent_sentinel)
  File "/Library/Developer/CommandLineTools/Library/Frameworks/Python3.framework/Versions/3.9/lib/python3.9/multiprocessing/spawn.py", line 125, in _main
    prepare(preparation_data)
  File "/Library/Developer/CommandLineTools/Library/Frameworks/Python3.framework/Versions/3.9/lib/python3.9/multiprocessing/spawn.py", line 236, in prepare
    _fixup_main_from_path(data['init_main_from_path'])
  File "/Library/Developer/CommandLineTools/Library/Frameworks/Python3.framework/Versions/3.9/lib/python3.9/multiprocessing/spawn.py", line 287, in _fixup_main_from_path
    main_content = runpy.run_path(main_path,
  File "/Library/Developer/CommandLineTools/Library/Frameworks/Python3.framework/Versions/3.9/lib/python3.9/runpy.py", line 267, in run_path
    code, fname = _get_code_from_file(run_name, path_name)
  File "/Library/Developer/CommandLineTools/Library/Frameworks/Python3.framework/Versions/3.9/lib/python3.9/runpy.py", line 237, in _get_code_from_file
    with io.open_code(decoded_path) as f:
FileNotFoundError: [Errno 2] No such file or directory: '/Users/ashokkumar/Desktop/alg-discovery/longterm_server.py'
2025-07-02 00:47:17,894 - watchfiles.main - INFO - 1 change detected
WARNING:  WatchFiles detected changes in 'core/background/cron_jobs/market_data_jobs.py'. Reloading...
Traceback (most recent call last):
  File "<string>", line 1, in <module>
  File "/Library/Developer/CommandLineTools/Library/Frameworks/Python3.framework/Versions/3.9/lib/python3.9/multiprocessing/spawn.py", line 116, in spawn_main
    exitcode = _main(fd, parent_sentinel)
  File "/Library/Developer/CommandLineTools/Library/Frameworks/Python3.framework/Versions/3.9/lib/python3.9/multiprocessing/spawn.py", line 125, in _main
    prepare(preparation_data)
  File "/Library/Developer/CommandLineTools/Library/Frameworks/Python3.framework/Versions/3.9/lib/python3.9/multiprocessing/spawn.py", line 236, in prepare
    _fixup_main_from_path(data['init_main_from_path'])
  File "/Library/Developer/CommandLineTools/Library/Frameworks/Python3.framework/Versions/3.9/lib/python3.9/multiprocessing/spawn.py", line 287, in _fixup_main_from_path
    main_content = runpy.run_path(main_path,
  File "/Library/Developer/CommandLineTools/Library/Frameworks/Python3.framework/Versions/3.9/lib/python3.9/runpy.py", line 267, in run_path
    code, fname = _get_code_from_file(run_name, path_name)
  File "/Library/Developer/CommandLineTools/Library/Frameworks/Python3.framework/Versions/3.9/lib/python3.9/runpy.py", line 237, in _get_code_from_file
    with io.open_code(decoded_path) as f:
FileNotFoundError: [Errno 2] No such file or directory: '/Users/ashokkumar/Desktop/alg-discovery/longterm_server.py'
2025-07-02 00:48:17,266 - watchfiles.main - INFO - 1 change detected
WARNING:  WatchFiles detected changes in 'core/background/cron_jobs/system_maintenance_jobs.py'. Reloading...
Traceback (most recent call last):
  File "<string>", line 1, in <module>
  File "/Library/Developer/CommandLineTools/Library/Frameworks/Python3.framework/Versions/3.9/lib/python3.9/multiprocessing/spawn.py", line 116, in spawn_main
    exitcode = _main(fd, parent_sentinel)
  File "/Library/Developer/CommandLineTools/Library/Frameworks/Python3.framework/Versions/3.9/lib/python3.9/multiprocessing/spawn.py", line 125, in _main
    prepare(preparation_data)
  File "/Library/Developer/CommandLineTools/Library/Frameworks/Python3.framework/Versions/3.9/lib/python3.9/multiprocessing/spawn.py", line 236, in prepare
    _fixup_main_from_path(data['init_main_from_path'])
  File "/Library/Developer/CommandLineTools/Library/Frameworks/Python3.framework/Versions/3.9/lib/python3.9/multiprocessing/spawn.py", line 287, in _fixup_main_from_path
    main_content = runpy.run_path(main_path,
  File "/Library/Developer/CommandLineTools/Library/Frameworks/Python3.framework/Versions/3.9/lib/python3.9/runpy.py", line 267, in run_path
    code, fname = _get_code_from_file(run_name, path_name)
  File "/Library/Developer/CommandLineTools/Library/Frameworks/Python3.framework/Versions/3.9/lib/python3.9/runpy.py", line 237, in _get_code_from_file
    with io.open_code(decoded_path) as f:
FileNotFoundError: [Errno 2] No such file or directory: '/Users/ashokkumar/Desktop/alg-discovery/longterm_server.py'
2025-07-02 00:48:20,066 - watchfiles.main - INFO - 1 change detected
WARNING:  WatchFiles detected changes in 'core/background/cron_jobs/system_maintenance_jobs.py'. Reloading...
Traceback (most recent call last):
  File "<string>", line 1, in <module>
  File "/Library/Developer/CommandLineTools/Library/Frameworks/Python3.framework/Versions/3.9/lib/python3.9/multiprocessing/spawn.py", line 116, in spawn_main
    exitcode = _main(fd, parent_sentinel)
  File "/Library/Developer/CommandLineTools/Library/Frameworks/Python3.framework/Versions/3.9/lib/python3.9/multiprocessing/spawn.py", line 125, in _main
    prepare(preparation_data)
  File "/Library/Developer/CommandLineTools/Library/Frameworks/Python3.framework/Versions/3.9/lib/python3.9/multiprocessing/spawn.py", line 236, in prepare
    _fixup_main_from_path(data['init_main_from_path'])
  File "/Library/Developer/CommandLineTools/Library/Frameworks/Python3.framework/Versions/3.9/lib/python3.9/multiprocessing/spawn.py", line 287, in _fixup_main_from_path
    main_content = runpy.run_path(main_path,
  File "/Library/Developer/CommandLineTools/Library/Frameworks/Python3.framework/Versions/3.9/lib/python3.9/runpy.py", line 267, in run_path
    code, fname = _get_code_from_file(run_name, path_name)
  File "/Library/Developer/CommandLineTools/Library/Frameworks/Python3.framework/Versions/3.9/lib/python3.9/runpy.py", line 237, in _get_code_from_file
    with io.open_code(decoded_path) as f:
FileNotFoundError: [Errno 2] No such file or directory: '/Users/ashokkumar/Desktop/alg-discovery/longterm_server.py'
2025-07-02 00:48:40,487 - watchfiles.main - INFO - 1 change detected
WARNING:  WatchFiles detected changes in 'tests/__init__.py'. Reloading...
Traceback (most recent call last):
  File "<string>", line 1, in <module>
  File "/Library/Developer/CommandLineTools/Library/Frameworks/Python3.framework/Versions/3.9/lib/python3.9/multiprocessing/spawn.py", line 116, in spawn_main
    exitcode = _main(fd, parent_sentinel)
  File "/Library/Developer/CommandLineTools/Library/Frameworks/Python3.framework/Versions/3.9/lib/python3.9/multiprocessing/spawn.py", line 125, in _main
    prepare(preparation_data)
  File "/Library/Developer/CommandLineTools/Library/Frameworks/Python3.framework/Versions/3.9/lib/python3.9/multiprocessing/spawn.py", line 236, in prepare
    _fixup_main_from_path(data['init_main_from_path'])
  File "/Library/Developer/CommandLineTools/Library/Frameworks/Python3.framework/Versions/3.9/lib/python3.9/multiprocessing/spawn.py", line 287, in _fixup_main_from_path
    main_content = runpy.run_path(main_path,
  File "/Library/Developer/CommandLineTools/Library/Frameworks/Python3.framework/Versions/3.9/lib/python3.9/runpy.py", line 267, in run_path
    code, fname = _get_code_from_file(run_name, path_name)
  File "/Library/Developer/CommandLineTools/Library/Frameworks/Python3.framework/Versions/3.9/lib/python3.9/runpy.py", line 237, in _get_code_from_file
    with io.open_code(decoded_path) as f:
FileNotFoundError: [Errno 2] No such file or directory: '/Users/ashokkumar/Desktop/alg-discovery/longterm_server.py'
2025-07-02 00:48:52,594 - watchfiles.main - INFO - 2 changes detected
2025-07-02 00:49:11,979 - watchfiles.main - INFO - 1 change detected
WARNING:  WatchFiles detected changes in 'tests/__init__.py'. Reloading...
Traceback (most recent call last):
  File "<string>", line 1, in <module>
  File "/Library/Developer/CommandLineTools/Library/Frameworks/Python3.framework/Versions/3.9/lib/python3.9/multiprocessing/spawn.py", line 116, in spawn_main
    exitcode = _main(fd, parent_sentinel)
  File "/Library/Developer/CommandLineTools/Library/Frameworks/Python3.framework/Versions/3.9/lib/python3.9/multiprocessing/spawn.py", line 125, in _main
    prepare(preparation_data)
  File "/Library/Developer/CommandLineTools/Library/Frameworks/Python3.framework/Versions/3.9/lib/python3.9/multiprocessing/spawn.py", line 236, in prepare
    _fixup_main_from_path(data['init_main_from_path'])
  File "/Library/Developer/CommandLineTools/Library/Frameworks/Python3.framework/Versions/3.9/lib/python3.9/multiprocessing/spawn.py", line 287, in _fixup_main_from_path
    main_content = runpy.run_path(main_path,
  File "/Library/Developer/CommandLineTools/Library/Frameworks/Python3.framework/Versions/3.9/lib/python3.9/runpy.py", line 267, in run_path
    code, fname = _get_code_from_file(run_name, path_name)
  File "/Library/Developer/CommandLineTools/Library/Frameworks/Python3.framework/Versions/3.9/lib/python3.9/runpy.py", line 237, in _get_code_from_file
    with io.open_code(decoded_path) as f:
FileNotFoundError: [Errno 2] No such file or directory: '/Users/ashokkumar/Desktop/alg-discovery/longterm_server.py'
2025-07-02 00:49:51,559 - watchfiles.main - INFO - 1 change detected
WARNING:  WatchFiles detected changes in 'tests/unit/test_database_config.py'. Reloading...
Traceback (most recent call last):
  File "<string>", line 1, in <module>
  File "/Library/Developer/CommandLineTools/Library/Frameworks/Python3.framework/Versions/3.9/lib/python3.9/multiprocessing/spawn.py", line 116, in spawn_main
    exitcode = _main(fd, parent_sentinel)
  File "/Library/Developer/CommandLineTools/Library/Frameworks/Python3.framework/Versions/3.9/lib/python3.9/multiprocessing/spawn.py", line 125, in _main
    prepare(preparation_data)
  File "/Library/Developer/CommandLineTools/Library/Frameworks/Python3.framework/Versions/3.9/lib/python3.9/multiprocessing/spawn.py", line 236, in prepare
    _fixup_main_from_path(data['init_main_from_path'])
  File "/Library/Developer/CommandLineTools/Library/Frameworks/Python3.framework/Versions/3.9/lib/python3.9/multiprocessing/spawn.py", line 287, in _fixup_main_from_path
    main_content = runpy.run_path(main_path,
  File "/Library/Developer/CommandLineTools/Library/Frameworks/Python3.framework/Versions/3.9/lib/python3.9/runpy.py", line 267, in run_path
    code, fname = _get_code_from_file(run_name, path_name)
  File "/Library/Developer/CommandLineTools/Library/Frameworks/Python3.framework/Versions/3.9/lib/python3.9/runpy.py", line 237, in _get_code_from_file
    with io.open_code(decoded_path) as f:
FileNotFoundError: [Errno 2] No such file or directory: '/Users/ashokkumar/Desktop/alg-discovery/longterm_server.py'
2025-07-02 00:49:54,946 - watchfiles.main - INFO - 1 change detected
WARNING:  WatchFiles detected changes in 'tests/unit/test_database_config.py'. Reloading...
Traceback (most recent call last):
  File "<string>", line 1, in <module>
  File "/Library/Developer/CommandLineTools/Library/Frameworks/Python3.framework/Versions/3.9/lib/python3.9/multiprocessing/spawn.py", line 116, in spawn_main
    exitcode = _main(fd, parent_sentinel)
  File "/Library/Developer/CommandLineTools/Library/Frameworks/Python3.framework/Versions/3.9/lib/python3.9/multiprocessing/spawn.py", line 125, in _main
    prepare(preparation_data)
  File "/Library/Developer/CommandLineTools/Library/Frameworks/Python3.framework/Versions/3.9/lib/python3.9/multiprocessing/spawn.py", line 236, in prepare
    _fixup_main_from_path(data['init_main_from_path'])
  File "/Library/Developer/CommandLineTools/Library/Frameworks/Python3.framework/Versions/3.9/lib/python3.9/multiprocessing/spawn.py", line 287, in _fixup_main_from_path
    main_content = runpy.run_path(main_path,
  File "/Library/Developer/CommandLineTools/Library/Frameworks/Python3.framework/Versions/3.9/lib/python3.9/runpy.py", line 267, in run_path
    code, fname = _get_code_from_file(run_name, path_name)
  File "/Library/Developer/CommandLineTools/Library/Frameworks/Python3.framework/Versions/3.9/lib/python3.9/runpy.py", line 237, in _get_code_from_file
    with io.open_code(decoded_path) as f:
FileNotFoundError: [Errno 2] No such file or directory: '/Users/ashokkumar/Desktop/alg-discovery/longterm_server.py'
2025-07-02 00:50:48,562 - watchfiles.main - INFO - 1 change detected
WARNING:  WatchFiles detected changes in 'tests/unit/test_redis_manager.py'. Reloading...
Traceback (most recent call last):
  File "<string>", line 1, in <module>
  File "/Library/Developer/CommandLineTools/Library/Frameworks/Python3.framework/Versions/3.9/lib/python3.9/multiprocessing/spawn.py", line 116, in spawn_main
    exitcode = _main(fd, parent_sentinel)
  File "/Library/Developer/CommandLineTools/Library/Frameworks/Python3.framework/Versions/3.9/lib/python3.9/multiprocessing/spawn.py", line 125, in _main
    prepare(preparation_data)
  File "/Library/Developer/CommandLineTools/Library/Frameworks/Python3.framework/Versions/3.9/lib/python3.9/multiprocessing/spawn.py", line 236, in prepare
    _fixup_main_from_path(data['init_main_from_path'])
  File "/Library/Developer/CommandLineTools/Library/Frameworks/Python3.framework/Versions/3.9/lib/python3.9/multiprocessing/spawn.py", line 287, in _fixup_main_from_path
    main_content = runpy.run_path(main_path,
  File "/Library/Developer/CommandLineTools/Library/Frameworks/Python3.framework/Versions/3.9/lib/python3.9/runpy.py", line 267, in run_path
    code, fname = _get_code_from_file(run_name, path_name)
  File "/Library/Developer/CommandLineTools/Library/Frameworks/Python3.framework/Versions/3.9/lib/python3.9/runpy.py", line 237, in _get_code_from_file
    with io.open_code(decoded_path) as f:
FileNotFoundError: [Errno 2] No such file or directory: '/Users/ashokkumar/Desktop/alg-discovery/longterm_server.py'
2025-07-02 00:50:51,958 - watchfiles.main - INFO - 1 change detected
WARNING:  WatchFiles detected changes in 'tests/unit/test_redis_manager.py'. Reloading...
Traceback (most recent call last):
  File "<string>", line 1, in <module>
  File "/Library/Developer/CommandLineTools/Library/Frameworks/Python3.framework/Versions/3.9/lib/python3.9/multiprocessing/spawn.py", line 116, in spawn_main
    exitcode = _main(fd, parent_sentinel)
  File "/Library/Developer/CommandLineTools/Library/Frameworks/Python3.framework/Versions/3.9/lib/python3.9/multiprocessing/spawn.py", line 125, in _main
    prepare(preparation_data)
  File "/Library/Developer/CommandLineTools/Library/Frameworks/Python3.framework/Versions/3.9/lib/python3.9/multiprocessing/spawn.py", line 236, in prepare
    _fixup_main_from_path(data['init_main_from_path'])
  File "/Library/Developer/CommandLineTools/Library/Frameworks/Python3.framework/Versions/3.9/lib/python3.9/multiprocessing/spawn.py", line 287, in _fixup_main_from_path
    main_content = runpy.run_path(main_path,
  File "/Library/Developer/CommandLineTools/Library/Frameworks/Python3.framework/Versions/3.9/lib/python3.9/runpy.py", line 267, in run_path
    code, fname = _get_code_from_file(run_name, path_name)
  File "/Library/Developer/CommandLineTools/Library/Frameworks/Python3.framework/Versions/3.9/lib/python3.9/runpy.py", line 237, in _get_code_from_file
    with io.open_code(decoded_path) as f:
FileNotFoundError: [Errno 2] No such file or directory: '/Users/ashokkumar/Desktop/alg-discovery/longterm_server.py'
2025-07-02 00:51:47,084 - watchfiles.main - INFO - 1 change detected
WARNING:  WatchFiles detected changes in 'tests/integration/test_market_data_integration.py'. Reloading...
Traceback (most recent call last):
  File "<string>", line 1, in <module>
  File "/Library/Developer/CommandLineTools/Library/Frameworks/Python3.framework/Versions/3.9/lib/python3.9/multiprocessing/spawn.py", line 116, in spawn_main
    exitcode = _main(fd, parent_sentinel)
  File "/Library/Developer/CommandLineTools/Library/Frameworks/Python3.framework/Versions/3.9/lib/python3.9/multiprocessing/spawn.py", line 125, in _main
    prepare(preparation_data)
  File "/Library/Developer/CommandLineTools/Library/Frameworks/Python3.framework/Versions/3.9/lib/python3.9/multiprocessing/spawn.py", line 236, in prepare
    _fixup_main_from_path(data['init_main_from_path'])
  File "/Library/Developer/CommandLineTools/Library/Frameworks/Python3.framework/Versions/3.9/lib/python3.9/multiprocessing/spawn.py", line 287, in _fixup_main_from_path
    main_content = runpy.run_path(main_path,
  File "/Library/Developer/CommandLineTools/Library/Frameworks/Python3.framework/Versions/3.9/lib/python3.9/runpy.py", line 267, in run_path
    code, fname = _get_code_from_file(run_name, path_name)
  File "/Library/Developer/CommandLineTools/Library/Frameworks/Python3.framework/Versions/3.9/lib/python3.9/runpy.py", line 237, in _get_code_from_file
    with io.open_code(decoded_path) as f:
FileNotFoundError: [Errno 2] No such file or directory: '/Users/ashokkumar/Desktop/alg-discovery/longterm_server.py'
2025-07-02 00:51:50,934 - watchfiles.main - INFO - 1 change detected
WARNING:  WatchFiles detected changes in 'tests/integration/test_market_data_integration.py'. Reloading...
Traceback (most recent call last):
  File "<string>", line 1, in <module>
  File "/Library/Developer/CommandLineTools/Library/Frameworks/Python3.framework/Versions/3.9/lib/python3.9/multiprocessing/spawn.py", line 116, in spawn_main
    exitcode = _main(fd, parent_sentinel)
  File "/Library/Developer/CommandLineTools/Library/Frameworks/Python3.framework/Versions/3.9/lib/python3.9/multiprocessing/spawn.py", line 125, in _main
    prepare(preparation_data)
  File "/Library/Developer/CommandLineTools/Library/Frameworks/Python3.framework/Versions/3.9/lib/python3.9/multiprocessing/spawn.py", line 236, in prepare
    _fixup_main_from_path(data['init_main_from_path'])
  File "/Library/Developer/CommandLineTools/Library/Frameworks/Python3.framework/Versions/3.9/lib/python3.9/multiprocessing/spawn.py", line 287, in _fixup_main_from_path
    main_content = runpy.run_path(main_path,
  File "/Library/Developer/CommandLineTools/Library/Frameworks/Python3.framework/Versions/3.9/lib/python3.9/runpy.py", line 267, in run_path
    code, fname = _get_code_from_file(run_name, path_name)
  File "/Library/Developer/CommandLineTools/Library/Frameworks/Python3.framework/Versions/3.9/lib/python3.9/runpy.py", line 237, in _get_code_from_file
    with io.open_code(decoded_path) as f:
FileNotFoundError: [Errno 2] No such file or directory: '/Users/ashokkumar/Desktop/alg-discovery/longterm_server.py'
2025-07-02 00:52:05,626 - watchfiles.main - INFO - 1 change detected
2025-07-02 00:52:08,967 - watchfiles.main - INFO - 1 change detected
2025-07-02 00:52:57,716 - watchfiles.main - INFO - 1 change detected
2025-07-02 00:53:00,945 - watchfiles.main - INFO - 1 change detected
2025-07-02 01:38:11,701 - watchfiles.main - INFO - 1 change detected
WARNING:  WatchFiles detected changes in 'core/background/cron_jobs/system_maintenance_jobs.py'. Reloading...
Traceback (most recent call last):
  File "<string>", line 1, in <module>
  File "/Library/Developer/CommandLineTools/Library/Frameworks/Python3.framework/Versions/3.9/lib/python3.9/multiprocessing/spawn.py", line 116, in spawn_main
    exitcode = _main(fd, parent_sentinel)
  File "/Library/Developer/CommandLineTools/Library/Frameworks/Python3.framework/Versions/3.9/lib/python3.9/multiprocessing/spawn.py", line 125, in _main
    prepare(preparation_data)
  File "/Library/Developer/CommandLineTools/Library/Frameworks/Python3.framework/Versions/3.9/lib/python3.9/multiprocessing/spawn.py", line 236, in prepare
    _fixup_main_from_path(data['init_main_from_path'])
  File "/Library/Developer/CommandLineTools/Library/Frameworks/Python3.framework/Versions/3.9/lib/python3.9/multiprocessing/spawn.py", line 287, in _fixup_main_from_path
    main_content = runpy.run_path(main_path,
  File "/Library/Developer/CommandLineTools/Library/Frameworks/Python3.framework/Versions/3.9/lib/python3.9/runpy.py", line 267, in run_path
    code, fname = _get_code_from_file(run_name, path_name)
  File "/Library/Developer/CommandLineTools/Library/Frameworks/Python3.framework/Versions/3.9/lib/python3.9/runpy.py", line 237, in _get_code_from_file
    with io.open_code(decoded_path) as f:
FileNotFoundError: [Errno 2] No such file or directory: '/Users/ashokkumar/Desktop/alg-discovery/longterm_server.py'
2025-07-02 01:38:13,255 - watchfiles.main - INFO - 1 change detected
WARNING:  WatchFiles detected changes in 'tests/__init__.py'. Reloading...
Traceback (most recent call last):
  File "<string>", line 1, in <module>
  File "/Library/Developer/CommandLineTools/Library/Frameworks/Python3.framework/Versions/3.9/lib/python3.9/multiprocessing/spawn.py", line 116, in spawn_main
    exitcode = _main(fd, parent_sentinel)
  File "/Library/Developer/CommandLineTools/Library/Frameworks/Python3.framework/Versions/3.9/lib/python3.9/multiprocessing/spawn.py", line 125, in _main
    prepare(preparation_data)
  File "/Library/Developer/CommandLineTools/Library/Frameworks/Python3.framework/Versions/3.9/lib/python3.9/multiprocessing/spawn.py", line 236, in prepare
    _fixup_main_from_path(data['init_main_from_path'])
  File "/Library/Developer/CommandLineTools/Library/Frameworks/Python3.framework/Versions/3.9/lib/python3.9/multiprocessing/spawn.py", line 287, in _fixup_main_from_path
    main_content = runpy.run_path(main_path,
  File "/Library/Developer/CommandLineTools/Library/Frameworks/Python3.framework/Versions/3.9/lib/python3.9/runpy.py", line 267, in run_path
    code, fname = _get_code_from_file(run_name, path_name)
  File "/Library/Developer/CommandLineTools/Library/Frameworks/Python3.framework/Versions/3.9/lib/python3.9/runpy.py", line 237, in _get_code_from_file
    with io.open_code(decoded_path) as f:
FileNotFoundError: [Errno 2] No such file or directory: '/Users/ashokkumar/Desktop/alg-discovery/longterm_server.py'
2025-07-02 01:38:14,957 - watchfiles.main - INFO - 1 change detected
WARNING:  WatchFiles detected changes in 'tests/unit/test_database_config.py'. Reloading...
Traceback (most recent call last):
  File "<string>", line 1, in <module>
  File "/Library/Developer/CommandLineTools/Library/Frameworks/Python3.framework/Versions/3.9/lib/python3.9/multiprocessing/spawn.py", line 116, in spawn_main
    exitcode = _main(fd, parent_sentinel)
  File "/Library/Developer/CommandLineTools/Library/Frameworks/Python3.framework/Versions/3.9/lib/python3.9/multiprocessing/spawn.py", line 125, in _main
    prepare(preparation_data)
  File "/Library/Developer/CommandLineTools/Library/Frameworks/Python3.framework/Versions/3.9/lib/python3.9/multiprocessing/spawn.py", line 236, in prepare
    _fixup_main_from_path(data['init_main_from_path'])
  File "/Library/Developer/CommandLineTools/Library/Frameworks/Python3.framework/Versions/3.9/lib/python3.9/multiprocessing/spawn.py", line 287, in _fixup_main_from_path
    main_content = runpy.run_path(main_path,
  File "/Library/Developer/CommandLineTools/Library/Frameworks/Python3.framework/Versions/3.9/lib/python3.9/runpy.py", line 267, in run_path
    code, fname = _get_code_from_file(run_name, path_name)
  File "/Library/Developer/CommandLineTools/Library/Frameworks/Python3.framework/Versions/3.9/lib/python3.9/runpy.py", line 237, in _get_code_from_file
    with io.open_code(decoded_path) as f:
FileNotFoundError: [Errno 2] No such file or directory: '/Users/ashokkumar/Desktop/alg-discovery/longterm_server.py'
2025-07-02 01:38:16,225 - watchfiles.main - INFO - 1 change detected
WARNING:  WatchFiles detected changes in 'tests/unit/test_redis_manager.py'. Reloading...
Traceback (most recent call last):
  File "<string>", line 1, in <module>
  File "/Library/Developer/CommandLineTools/Library/Frameworks/Python3.framework/Versions/3.9/lib/python3.9/multiprocessing/spawn.py", line 116, in spawn_main
    exitcode = _main(fd, parent_sentinel)
  File "/Library/Developer/CommandLineTools/Library/Frameworks/Python3.framework/Versions/3.9/lib/python3.9/multiprocessing/spawn.py", line 125, in _main
    prepare(preparation_data)
  File "/Library/Developer/CommandLineTools/Library/Frameworks/Python3.framework/Versions/3.9/lib/python3.9/multiprocessing/spawn.py", line 236, in prepare
    _fixup_main_from_path(data['init_main_from_path'])
  File "/Library/Developer/CommandLineTools/Library/Frameworks/Python3.framework/Versions/3.9/lib/python3.9/multiprocessing/spawn.py", line 287, in _fixup_main_from_path
    main_content = runpy.run_path(main_path,
  File "/Library/Developer/CommandLineTools/Library/Frameworks/Python3.framework/Versions/3.9/lib/python3.9/runpy.py", line 267, in run_path
    code, fname = _get_code_from_file(run_name, path_name)
  File "/Library/Developer/CommandLineTools/Library/Frameworks/Python3.framework/Versions/3.9/lib/python3.9/runpy.py", line 237, in _get_code_from_file
    with io.open_code(decoded_path) as f:
FileNotFoundError: [Errno 2] No such file or directory: '/Users/ashokkumar/Desktop/alg-discovery/longterm_server.py'
2025-07-02 01:38:17,649 - watchfiles.main - INFO - 1 change detected
WARNING:  WatchFiles detected changes in 'tests/integration/test_market_data_integration.py'. Reloading...
Traceback (most recent call last):
  File "<string>", line 1, in <module>
  File "/Library/Developer/CommandLineTools/Library/Frameworks/Python3.framework/Versions/3.9/lib/python3.9/multiprocessing/spawn.py", line 116, in spawn_main
    exitcode = _main(fd, parent_sentinel)
  File "/Library/Developer/CommandLineTools/Library/Frameworks/Python3.framework/Versions/3.9/lib/python3.9/multiprocessing/spawn.py", line 125, in _main
    prepare(preparation_data)
  File "/Library/Developer/CommandLineTools/Library/Frameworks/Python3.framework/Versions/3.9/lib/python3.9/multiprocessing/spawn.py", line 236, in prepare
    _fixup_main_from_path(data['init_main_from_path'])
  File "/Library/Developer/CommandLineTools/Library/Frameworks/Python3.framework/Versions/3.9/lib/python3.9/multiprocessing/spawn.py", line 287, in _fixup_main_from_path
    main_content = runpy.run_path(main_path,
  File "/Library/Developer/CommandLineTools/Library/Frameworks/Python3.framework/Versions/3.9/lib/python3.9/runpy.py", line 267, in run_path
    code, fname = _get_code_from_file(run_name, path_name)
  File "/Library/Developer/CommandLineTools/Library/Frameworks/Python3.framework/Versions/3.9/lib/python3.9/runpy.py", line 237, in _get_code_from_file
    with io.open_code(decoded_path) as f:
FileNotFoundError: [Errno 2] No such file or directory: '/Users/ashokkumar/Desktop/alg-discovery/longterm_server.py'
2025-07-02 01:38:19,781 - watchfiles.main - INFO - 1 change detected
2025-07-02 01:38:21,742 - watchfiles.main - INFO - 1 change detected
2025-07-02 01:40:03,363 - watchfiles.main - INFO - 2 changes detected
2025-07-02 01:40:07,113 - watchfiles.main - INFO - 2 changes detected
WARNING:  WatchFiles detected changes in 'archive/real_time_streamlit_example.py'. Reloading...
Traceback (most recent call last):
  File "<string>", line 1, in <module>
  File "/Library/Developer/CommandLineTools/Library/Frameworks/Python3.framework/Versions/3.9/lib/python3.9/multiprocessing/spawn.py", line 116, in spawn_main
    exitcode = _main(fd, parent_sentinel)
  File "/Library/Developer/CommandLineTools/Library/Frameworks/Python3.framework/Versions/3.9/lib/python3.9/multiprocessing/spawn.py", line 125, in _main
    prepare(preparation_data)
  File "/Library/Developer/CommandLineTools/Library/Frameworks/Python3.framework/Versions/3.9/lib/python3.9/multiprocessing/spawn.py", line 236, in prepare
    _fixup_main_from_path(data['init_main_from_path'])
  File "/Library/Developer/CommandLineTools/Library/Frameworks/Python3.framework/Versions/3.9/lib/python3.9/multiprocessing/spawn.py", line 287, in _fixup_main_from_path
    main_content = runpy.run_path(main_path,
  File "/Library/Developer/CommandLineTools/Library/Frameworks/Python3.framework/Versions/3.9/lib/python3.9/runpy.py", line 267, in run_path
    code, fname = _get_code_from_file(run_name, path_name)
  File "/Library/Developer/CommandLineTools/Library/Frameworks/Python3.framework/Versions/3.9/lib/python3.9/runpy.py", line 237, in _get_code_from_file
    with io.open_code(decoded_path) as f:
FileNotFoundError: [Errno 2] No such file or directory: '/Users/ashokkumar/Desktop/alg-discovery/longterm_server.py'
2025-07-02 01:40:11,992 - watchfiles.main - INFO - 2 changes detected
2025-07-02 01:40:15,706 - watchfiles.main - INFO - 2 changes detected
WARNING:  WatchFiles detected changes in 'archive/streamlit_integration_example.py'. Reloading...
Traceback (most recent call last):
  File "<string>", line 1, in <module>
  File "/Library/Developer/CommandLineTools/Library/Frameworks/Python3.framework/Versions/3.9/lib/python3.9/multiprocessing/spawn.py", line 116, in spawn_main
    exitcode = _main(fd, parent_sentinel)
  File "/Library/Developer/CommandLineTools/Library/Frameworks/Python3.framework/Versions/3.9/lib/python3.9/multiprocessing/spawn.py", line 125, in _main
    prepare(preparation_data)
  File "/Library/Developer/CommandLineTools/Library/Frameworks/Python3.framework/Versions/3.9/lib/python3.9/multiprocessing/spawn.py", line 236, in prepare
    _fixup_main_from_path(data['init_main_from_path'])
  File "/Library/Developer/CommandLineTools/Library/Frameworks/Python3.framework/Versions/3.9/lib/python3.9/multiprocessing/spawn.py", line 287, in _fixup_main_from_path
    main_content = runpy.run_path(main_path,
  File "/Library/Developer/CommandLineTools/Library/Frameworks/Python3.framework/Versions/3.9/lib/python3.9/runpy.py", line 267, in run_path
    code, fname = _get_code_from_file(run_name, path_name)
  File "/Library/Developer/CommandLineTools/Library/Frameworks/Python3.framework/Versions/3.9/lib/python3.9/runpy.py", line 237, in _get_code_from_file
    with io.open_code(decoded_path) as f:
FileNotFoundError: [Errno 2] No such file or directory: '/Users/ashokkumar/Desktop/alg-discovery/longterm_server.py'
2025-07-02 01:40:30,630 - watchfiles.main - INFO - 1 change detected
2025-07-02 01:40:41,850 - watchfiles.main - INFO - 1 change detected
2025-07-02 01:46:38,775 - watchfiles.main - INFO - 1 change detected
WARNING:  WatchFiles detected changes in 'api/main.py'. Reloading...
Traceback (most recent call last):
  File "<string>", line 1, in <module>
  File "/Library/Developer/CommandLineTools/Library/Frameworks/Python3.framework/Versions/3.9/lib/python3.9/multiprocessing/spawn.py", line 116, in spawn_main
    exitcode = _main(fd, parent_sentinel)
  File "/Library/Developer/CommandLineTools/Library/Frameworks/Python3.framework/Versions/3.9/lib/python3.9/multiprocessing/spawn.py", line 125, in _main
    prepare(preparation_data)
  File "/Library/Developer/CommandLineTools/Library/Frameworks/Python3.framework/Versions/3.9/lib/python3.9/multiprocessing/spawn.py", line 236, in prepare
    _fixup_main_from_path(data['init_main_from_path'])
  File "/Library/Developer/CommandLineTools/Library/Frameworks/Python3.framework/Versions/3.9/lib/python3.9/multiprocessing/spawn.py", line 287, in _fixup_main_from_path
    main_content = runpy.run_path(main_path,
  File "/Library/Developer/CommandLineTools/Library/Frameworks/Python3.framework/Versions/3.9/lib/python3.9/runpy.py", line 267, in run_path
    code, fname = _get_code_from_file(run_name, path_name)
  File "/Library/Developer/CommandLineTools/Library/Frameworks/Python3.framework/Versions/3.9/lib/python3.9/runpy.py", line 237, in _get_code_from_file
    with io.open_code(decoded_path) as f:
FileNotFoundError: [Errno 2] No such file or directory: '/Users/ashokkumar/Desktop/alg-discovery/longterm_server.py'
2025-07-02 01:46:44,767 - watchfiles.main - INFO - 1 change detected
WARNING:  WatchFiles detected changes in 'api/main.py'. Reloading...
Traceback (most recent call last):
  File "<string>", line 1, in <module>
  File "/Library/Developer/CommandLineTools/Library/Frameworks/Python3.framework/Versions/3.9/lib/python3.9/multiprocessing/spawn.py", line 116, in spawn_main
    exitcode = _main(fd, parent_sentinel)
  File "/Library/Developer/CommandLineTools/Library/Frameworks/Python3.framework/Versions/3.9/lib/python3.9/multiprocessing/spawn.py", line 125, in _main
    prepare(preparation_data)
  File "/Library/Developer/CommandLineTools/Library/Frameworks/Python3.framework/Versions/3.9/lib/python3.9/multiprocessing/spawn.py", line 236, in prepare
    _fixup_main_from_path(data['init_main_from_path'])
  File "/Library/Developer/CommandLineTools/Library/Frameworks/Python3.framework/Versions/3.9/lib/python3.9/multiprocessing/spawn.py", line 287, in _fixup_main_from_path
    main_content = runpy.run_path(main_path,
  File "/Library/Developer/CommandLineTools/Library/Frameworks/Python3.framework/Versions/3.9/lib/python3.9/runpy.py", line 267, in run_path
    code, fname = _get_code_from_file(run_name, path_name)
  File "/Library/Developer/CommandLineTools/Library/Frameworks/Python3.framework/Versions/3.9/lib/python3.9/runpy.py", line 237, in _get_code_from_file
    with io.open_code(decoded_path) as f:
FileNotFoundError: [Errno 2] No such file or directory: '/Users/ashokkumar/Desktop/alg-discovery/longterm_server.py'
2025-07-02 01:46:52,149 - watchfiles.main - INFO - 1 change detected
WARNING:  WatchFiles detected changes in 'api/main.py'. Reloading...
Traceback (most recent call last):
  File "<string>", line 1, in <module>
  File "/Library/Developer/CommandLineTools/Library/Frameworks/Python3.framework/Versions/3.9/lib/python3.9/multiprocessing/spawn.py", line 116, in spawn_main
    exitcode = _main(fd, parent_sentinel)
  File "/Library/Developer/CommandLineTools/Library/Frameworks/Python3.framework/Versions/3.9/lib/python3.9/multiprocessing/spawn.py", line 125, in _main
    prepare(preparation_data)
  File "/Library/Developer/CommandLineTools/Library/Frameworks/Python3.framework/Versions/3.9/lib/python3.9/multiprocessing/spawn.py", line 236, in prepare
    _fixup_main_from_path(data['init_main_from_path'])
  File "/Library/Developer/CommandLineTools/Library/Frameworks/Python3.framework/Versions/3.9/lib/python3.9/multiprocessing/spawn.py", line 287, in _fixup_main_from_path
    main_content = runpy.run_path(main_path,
  File "/Library/Developer/CommandLineTools/Library/Frameworks/Python3.framework/Versions/3.9/lib/python3.9/runpy.py", line 267, in run_path
    code, fname = _get_code_from_file(run_name, path_name)
  File "/Library/Developer/CommandLineTools/Library/Frameworks/Python3.framework/Versions/3.9/lib/python3.9/runpy.py", line 237, in _get_code_from_file
    with io.open_code(decoded_path) as f:
FileNotFoundError: [Errno 2] No such file or directory: '/Users/ashokkumar/Desktop/alg-discovery/longterm_server.py'
2025-07-02 01:46:54,715 - watchfiles.main - INFO - 1 change detected
WARNING:  WatchFiles detected changes in 'api/main.py'. Reloading...
Traceback (most recent call last):
  File "<string>", line 1, in <module>
  File "/Library/Developer/CommandLineTools/Library/Frameworks/Python3.framework/Versions/3.9/lib/python3.9/multiprocessing/spawn.py", line 116, in spawn_main
    exitcode = _main(fd, parent_sentinel)
  File "/Library/Developer/CommandLineTools/Library/Frameworks/Python3.framework/Versions/3.9/lib/python3.9/multiprocessing/spawn.py", line 125, in _main
    prepare(preparation_data)
  File "/Library/Developer/CommandLineTools/Library/Frameworks/Python3.framework/Versions/3.9/lib/python3.9/multiprocessing/spawn.py", line 236, in prepare
    _fixup_main_from_path(data['init_main_from_path'])
  File "/Library/Developer/CommandLineTools/Library/Frameworks/Python3.framework/Versions/3.9/lib/python3.9/multiprocessing/spawn.py", line 287, in _fixup_main_from_path
    main_content = runpy.run_path(main_path,
  File "/Library/Developer/CommandLineTools/Library/Frameworks/Python3.framework/Versions/3.9/lib/python3.9/runpy.py", line 267, in run_path
    code, fname = _get_code_from_file(run_name, path_name)
  File "/Library/Developer/CommandLineTools/Library/Frameworks/Python3.framework/Versions/3.9/lib/python3.9/runpy.py", line 237, in _get_code_from_file
    with io.open_code(decoded_path) as f:
FileNotFoundError: [Errno 2] No such file or directory: '/Users/ashokkumar/Desktop/alg-discovery/longterm_server.py'
2025-07-02 01:47:11,509 - watchfiles.main - INFO - 1 change detected
WARNING:  WatchFiles detected changes in 'api/main.py'. Reloading...
Traceback (most recent call last):
  File "<string>", line 1, in <module>
  File "/Library/Developer/CommandLineTools/Library/Frameworks/Python3.framework/Versions/3.9/lib/python3.9/multiprocessing/spawn.py", line 116, in spawn_main
    exitcode = _main(fd, parent_sentinel)
  File "/Library/Developer/CommandLineTools/Library/Frameworks/Python3.framework/Versions/3.9/lib/python3.9/multiprocessing/spawn.py", line 125, in _main
    prepare(preparation_data)
  File "/Library/Developer/CommandLineTools/Library/Frameworks/Python3.framework/Versions/3.9/lib/python3.9/multiprocessing/spawn.py", line 236, in prepare
    _fixup_main_from_path(data['init_main_from_path'])
  File "/Library/Developer/CommandLineTools/Library/Frameworks/Python3.framework/Versions/3.9/lib/python3.9/multiprocessing/spawn.py", line 287, in _fixup_main_from_path
    main_content = runpy.run_path(main_path,
  File "/Library/Developer/CommandLineTools/Library/Frameworks/Python3.framework/Versions/3.9/lib/python3.9/runpy.py", line 267, in run_path
    code, fname = _get_code_from_file(run_name, path_name)
  File "/Library/Developer/CommandLineTools/Library/Frameworks/Python3.framework/Versions/3.9/lib/python3.9/runpy.py", line 237, in _get_code_from_file
    with io.open_code(decoded_path) as f:
FileNotFoundError: [Errno 2] No such file or directory: '/Users/ashokkumar/Desktop/alg-discovery/longterm_server.py'
2025-07-02 01:47:13,314 - watchfiles.main - INFO - 1 change detected
WARNING:  WatchFiles detected changes in 'api/main.py'. Reloading...
Traceback (most recent call last):
  File "<string>", line 1, in <module>
  File "/Library/Developer/CommandLineTools/Library/Frameworks/Python3.framework/Versions/3.9/lib/python3.9/multiprocessing/spawn.py", line 116, in spawn_main
    exitcode = _main(fd, parent_sentinel)
  File "/Library/Developer/CommandLineTools/Library/Frameworks/Python3.framework/Versions/3.9/lib/python3.9/multiprocessing/spawn.py", line 125, in _main
    prepare(preparation_data)
  File "/Library/Developer/CommandLineTools/Library/Frameworks/Python3.framework/Versions/3.9/lib/python3.9/multiprocessing/spawn.py", line 236, in prepare
    _fixup_main_from_path(data['init_main_from_path'])
  File "/Library/Developer/CommandLineTools/Library/Frameworks/Python3.framework/Versions/3.9/lib/python3.9/multiprocessing/spawn.py", line 287, in _fixup_main_from_path
    main_content = runpy.run_path(main_path,
  File "/Library/Developer/CommandLineTools/Library/Frameworks/Python3.framework/Versions/3.9/lib/python3.9/runpy.py", line 267, in run_path
    code, fname = _get_code_from_file(run_name, path_name)
  File "/Library/Developer/CommandLineTools/Library/Frameworks/Python3.framework/Versions/3.9/lib/python3.9/runpy.py", line 237, in _get_code_from_file
    with io.open_code(decoded_path) as f:
FileNotFoundError: [Errno 2] No such file or directory: '/Users/ashokkumar/Desktop/alg-discovery/longterm_server.py'
2025-07-02 01:48:10,141 - watchfiles.main - INFO - 1 change detected
WARNING:  WatchFiles detected changes in 'api/main.py'. Reloading...
Traceback (most recent call last):
  File "<string>", line 1, in <module>
  File "/Library/Developer/CommandLineTools/Library/Frameworks/Python3.framework/Versions/3.9/lib/python3.9/multiprocessing/spawn.py", line 116, in spawn_main
    exitcode = _main(fd, parent_sentinel)
  File "/Library/Developer/CommandLineTools/Library/Frameworks/Python3.framework/Versions/3.9/lib/python3.9/multiprocessing/spawn.py", line 125, in _main
    prepare(preparation_data)
  File "/Library/Developer/CommandLineTools/Library/Frameworks/Python3.framework/Versions/3.9/lib/python3.9/multiprocessing/spawn.py", line 236, in prepare
    _fixup_main_from_path(data['init_main_from_path'])
  File "/Library/Developer/CommandLineTools/Library/Frameworks/Python3.framework/Versions/3.9/lib/python3.9/multiprocessing/spawn.py", line 287, in _fixup_main_from_path
    main_content = runpy.run_path(main_path,
  File "/Library/Developer/CommandLineTools/Library/Frameworks/Python3.framework/Versions/3.9/lib/python3.9/runpy.py", line 267, in run_path
    code, fname = _get_code_from_file(run_name, path_name)
  File "/Library/Developer/CommandLineTools/Library/Frameworks/Python3.framework/Versions/3.9/lib/python3.9/runpy.py", line 237, in _get_code_from_file
    with io.open_code(decoded_path) as f:
FileNotFoundError: [Errno 2] No such file or directory: '/Users/ashokkumar/Desktop/alg-discovery/longterm_server.py'
2025-07-02 01:48:16,333 - watchfiles.main - INFO - 1 change detected
WARNING:  WatchFiles detected changes in 'api/main.py'. Reloading...
Traceback (most recent call last):
  File "<string>", line 1, in <module>
  File "/Library/Developer/CommandLineTools/Library/Frameworks/Python3.framework/Versions/3.9/lib/python3.9/multiprocessing/spawn.py", line 116, in spawn_main
    exitcode = _main(fd, parent_sentinel)
  File "/Library/Developer/CommandLineTools/Library/Frameworks/Python3.framework/Versions/3.9/lib/python3.9/multiprocessing/spawn.py", line 125, in _main
    prepare(preparation_data)
  File "/Library/Developer/CommandLineTools/Library/Frameworks/Python3.framework/Versions/3.9/lib/python3.9/multiprocessing/spawn.py", line 236, in prepare
    _fixup_main_from_path(data['init_main_from_path'])
  File "/Library/Developer/CommandLineTools/Library/Frameworks/Python3.framework/Versions/3.9/lib/python3.9/multiprocessing/spawn.py", line 287, in _fixup_main_from_path
    main_content = runpy.run_path(main_path,
  File "/Library/Developer/CommandLineTools/Library/Frameworks/Python3.framework/Versions/3.9/lib/python3.9/runpy.py", line 267, in run_path
    code, fname = _get_code_from_file(run_name, path_name)
  File "/Library/Developer/CommandLineTools/Library/Frameworks/Python3.framework/Versions/3.9/lib/python3.9/runpy.py", line 237, in _get_code_from_file
    with io.open_code(decoded_path) as f:
FileNotFoundError: [Errno 2] No such file or directory: '/Users/ashokkumar/Desktop/alg-discovery/longterm_server.py'
2025-07-02 01:48:31,186 - watchfiles.main - INFO - 1 change detected
WARNING:  WatchFiles detected changes in 'api/main.py'. Reloading...
Traceback (most recent call last):
  File "<string>", line 1, in <module>
  File "/Library/Developer/CommandLineTools/Library/Frameworks/Python3.framework/Versions/3.9/lib/python3.9/multiprocessing/spawn.py", line 116, in spawn_main
    exitcode = _main(fd, parent_sentinel)
  File "/Library/Developer/CommandLineTools/Library/Frameworks/Python3.framework/Versions/3.9/lib/python3.9/multiprocessing/spawn.py", line 125, in _main
    prepare(preparation_data)
  File "/Library/Developer/CommandLineTools/Library/Frameworks/Python3.framework/Versions/3.9/lib/python3.9/multiprocessing/spawn.py", line 236, in prepare
    _fixup_main_from_path(data['init_main_from_path'])
  File "/Library/Developer/CommandLineTools/Library/Frameworks/Python3.framework/Versions/3.9/lib/python3.9/multiprocessing/spawn.py", line 287, in _fixup_main_from_path
    main_content = runpy.run_path(main_path,
  File "/Library/Developer/CommandLineTools/Library/Frameworks/Python3.framework/Versions/3.9/lib/python3.9/runpy.py", line 267, in run_path
    code, fname = _get_code_from_file(run_name, path_name)
  File "/Library/Developer/CommandLineTools/Library/Frameworks/Python3.framework/Versions/3.9/lib/python3.9/runpy.py", line 237, in _get_code_from_file
    with io.open_code(decoded_path) as f:
FileNotFoundError: [Errno 2] No such file or directory: '/Users/ashokkumar/Desktop/alg-discovery/longterm_server.py'
2025-07-02 01:48:32,937 - watchfiles.main - INFO - 1 change detected
WARNING:  WatchFiles detected changes in 'api/main.py'. Reloading...
Traceback (most recent call last):
  File "<string>", line 1, in <module>
  File "/Library/Developer/CommandLineTools/Library/Frameworks/Python3.framework/Versions/3.9/lib/python3.9/multiprocessing/spawn.py", line 116, in spawn_main
    exitcode = _main(fd, parent_sentinel)
  File "/Library/Developer/CommandLineTools/Library/Frameworks/Python3.framework/Versions/3.9/lib/python3.9/multiprocessing/spawn.py", line 125, in _main
    prepare(preparation_data)
  File "/Library/Developer/CommandLineTools/Library/Frameworks/Python3.framework/Versions/3.9/lib/python3.9/multiprocessing/spawn.py", line 236, in prepare
    _fixup_main_from_path(data['init_main_from_path'])
  File "/Library/Developer/CommandLineTools/Library/Frameworks/Python3.framework/Versions/3.9/lib/python3.9/multiprocessing/spawn.py", line 287, in _fixup_main_from_path
    main_content = runpy.run_path(main_path,
  File "/Library/Developer/CommandLineTools/Library/Frameworks/Python3.framework/Versions/3.9/lib/python3.9/runpy.py", line 267, in run_path
    code, fname = _get_code_from_file(run_name, path_name)
  File "/Library/Developer/CommandLineTools/Library/Frameworks/Python3.framework/Versions/3.9/lib/python3.9/runpy.py", line 237, in _get_code_from_file
    with io.open_code(decoded_path) as f:
FileNotFoundError: [Errno 2] No such file or directory: '/Users/ashokkumar/Desktop/alg-discovery/longterm_server.py'
2025-07-02 01:48:48,082 - watchfiles.main - INFO - 1 change detected
WARNING:  WatchFiles detected changes in 'api/main.py'. Reloading...
Traceback (most recent call last):
  File "<string>", line 1, in <module>
  File "/Library/Developer/CommandLineTools/Library/Frameworks/Python3.framework/Versions/3.9/lib/python3.9/multiprocessing/spawn.py", line 116, in spawn_main
    exitcode = _main(fd, parent_sentinel)
  File "/Library/Developer/CommandLineTools/Library/Frameworks/Python3.framework/Versions/3.9/lib/python3.9/multiprocessing/spawn.py", line 125, in _main
    prepare(preparation_data)
  File "/Library/Developer/CommandLineTools/Library/Frameworks/Python3.framework/Versions/3.9/lib/python3.9/multiprocessing/spawn.py", line 236, in prepare
    _fixup_main_from_path(data['init_main_from_path'])
  File "/Library/Developer/CommandLineTools/Library/Frameworks/Python3.framework/Versions/3.9/lib/python3.9/multiprocessing/spawn.py", line 287, in _fixup_main_from_path
    main_content = runpy.run_path(main_path,
  File "/Library/Developer/CommandLineTools/Library/Frameworks/Python3.framework/Versions/3.9/lib/python3.9/runpy.py", line 267, in run_path
    code, fname = _get_code_from_file(run_name, path_name)
  File "/Library/Developer/CommandLineTools/Library/Frameworks/Python3.framework/Versions/3.9/lib/python3.9/runpy.py", line 237, in _get_code_from_file
    with io.open_code(decoded_path) as f:
FileNotFoundError: [Errno 2] No such file or directory: '/Users/ashokkumar/Desktop/alg-discovery/longterm_server.py'
2025-07-02 01:49:03,096 - watchfiles.main - INFO - 1 change detected
WARNING:  WatchFiles detected changes in 'api/main.py'. Reloading...
Traceback (most recent call last):
  File "<string>", line 1, in <module>
  File "/Library/Developer/CommandLineTools/Library/Frameworks/Python3.framework/Versions/3.9/lib/python3.9/multiprocessing/spawn.py", line 116, in spawn_main
    exitcode = _main(fd, parent_sentinel)
  File "/Library/Developer/CommandLineTools/Library/Frameworks/Python3.framework/Versions/3.9/lib/python3.9/multiprocessing/spawn.py", line 125, in _main
    prepare(preparation_data)
  File "/Library/Developer/CommandLineTools/Library/Frameworks/Python3.framework/Versions/3.9/lib/python3.9/multiprocessing/spawn.py", line 236, in prepare
    _fixup_main_from_path(data['init_main_from_path'])
  File "/Library/Developer/CommandLineTools/Library/Frameworks/Python3.framework/Versions/3.9/lib/python3.9/multiprocessing/spawn.py", line 287, in _fixup_main_from_path
    main_content = runpy.run_path(main_path,
  File "/Library/Developer/CommandLineTools/Library/Frameworks/Python3.framework/Versions/3.9/lib/python3.9/runpy.py", line 267, in run_path
    code, fname = _get_code_from_file(run_name, path_name)
  File "/Library/Developer/CommandLineTools/Library/Frameworks/Python3.framework/Versions/3.9/lib/python3.9/runpy.py", line 237, in _get_code_from_file
    with io.open_code(decoded_path) as f:
FileNotFoundError: [Errno 2] No such file or directory: '/Users/ashokkumar/Desktop/alg-discovery/longterm_server.py'
2025-07-02 01:49:20,125 - watchfiles.main - INFO - 1 change detected
WARNING:  WatchFiles detected changes in 'api/main.py'. Reloading...
Traceback (most recent call last):
  File "<string>", line 1, in <module>
  File "/Library/Developer/CommandLineTools/Library/Frameworks/Python3.framework/Versions/3.9/lib/python3.9/multiprocessing/spawn.py", line 116, in spawn_main
    exitcode = _main(fd, parent_sentinel)
  File "/Library/Developer/CommandLineTools/Library/Frameworks/Python3.framework/Versions/3.9/lib/python3.9/multiprocessing/spawn.py", line 125, in _main
    prepare(preparation_data)
  File "/Library/Developer/CommandLineTools/Library/Frameworks/Python3.framework/Versions/3.9/lib/python3.9/multiprocessing/spawn.py", line 236, in prepare
    _fixup_main_from_path(data['init_main_from_path'])
  File "/Library/Developer/CommandLineTools/Library/Frameworks/Python3.framework/Versions/3.9/lib/python3.9/multiprocessing/spawn.py", line 287, in _fixup_main_from_path
    main_content = runpy.run_path(main_path,
  File "/Library/Developer/CommandLineTools/Library/Frameworks/Python3.framework/Versions/3.9/lib/python3.9/runpy.py", line 267, in run_path
    code, fname = _get_code_from_file(run_name, path_name)
  File "/Library/Developer/CommandLineTools/Library/Frameworks/Python3.framework/Versions/3.9/lib/python3.9/runpy.py", line 237, in _get_code_from_file
    with io.open_code(decoded_path) as f:
FileNotFoundError: [Errno 2] No such file or directory: '/Users/ashokkumar/Desktop/alg-discovery/longterm_server.py'
2025-07-02 01:49:35,723 - watchfiles.main - INFO - 1 change detected
WARNING:  WatchFiles detected changes in 'api/main.py'. Reloading...
Traceback (most recent call last):
  File "<string>", line 1, in <module>
  File "/Library/Developer/CommandLineTools/Library/Frameworks/Python3.framework/Versions/3.9/lib/python3.9/multiprocessing/spawn.py", line 116, in spawn_main
    exitcode = _main(fd, parent_sentinel)
  File "/Library/Developer/CommandLineTools/Library/Frameworks/Python3.framework/Versions/3.9/lib/python3.9/multiprocessing/spawn.py", line 125, in _main
    prepare(preparation_data)
  File "/Library/Developer/CommandLineTools/Library/Frameworks/Python3.framework/Versions/3.9/lib/python3.9/multiprocessing/spawn.py", line 236, in prepare
    _fixup_main_from_path(data['init_main_from_path'])
  File "/Library/Developer/CommandLineTools/Library/Frameworks/Python3.framework/Versions/3.9/lib/python3.9/multiprocessing/spawn.py", line 287, in _fixup_main_from_path
    main_content = runpy.run_path(main_path,
  File "/Library/Developer/CommandLineTools/Library/Frameworks/Python3.framework/Versions/3.9/lib/python3.9/runpy.py", line 267, in run_path
    code, fname = _get_code_from_file(run_name, path_name)
  File "/Library/Developer/CommandLineTools/Library/Frameworks/Python3.framework/Versions/3.9/lib/python3.9/runpy.py", line 237, in _get_code_from_file
    with io.open_code(decoded_path) as f:
FileNotFoundError: [Errno 2] No such file or directory: '/Users/ashokkumar/Desktop/alg-discovery/longterm_server.py'
2025-07-02 01:49:48,597 - watchfiles.main - INFO - 1 change detected
WARNING:  WatchFiles detected changes in 'api/main.py'. Reloading...
Traceback (most recent call last):
  File "<string>", line 1, in <module>
  File "/Library/Developer/CommandLineTools/Library/Frameworks/Python3.framework/Versions/3.9/lib/python3.9/multiprocessing/spawn.py", line 116, in spawn_main
    exitcode = _main(fd, parent_sentinel)
  File "/Library/Developer/CommandLineTools/Library/Frameworks/Python3.framework/Versions/3.9/lib/python3.9/multiprocessing/spawn.py", line 125, in _main
    prepare(preparation_data)
  File "/Library/Developer/CommandLineTools/Library/Frameworks/Python3.framework/Versions/3.9/lib/python3.9/multiprocessing/spawn.py", line 236, in prepare
    _fixup_main_from_path(data['init_main_from_path'])
  File "/Library/Developer/CommandLineTools/Library/Frameworks/Python3.framework/Versions/3.9/lib/python3.9/multiprocessing/spawn.py", line 287, in _fixup_main_from_path
    main_content = runpy.run_path(main_path,
  File "/Library/Developer/CommandLineTools/Library/Frameworks/Python3.framework/Versions/3.9/lib/python3.9/runpy.py", line 267, in run_path
    code, fname = _get_code_from_file(run_name, path_name)
  File "/Library/Developer/CommandLineTools/Library/Frameworks/Python3.framework/Versions/3.9/lib/python3.9/runpy.py", line 237, in _get_code_from_file
    with io.open_code(decoded_path) as f:
FileNotFoundError: [Errno 2] No such file or directory: '/Users/ashokkumar/Desktop/alg-discovery/longterm_server.py'
2025-07-02 01:51:24,690 - watchfiles.main - INFO - 1 change detected
WARNING:  WatchFiles detected changes in 'api/services/long_term_service.py'. Reloading...
Traceback (most recent call last):
  File "<string>", line 1, in <module>
  File "/Library/Developer/CommandLineTools/Library/Frameworks/Python3.framework/Versions/3.9/lib/python3.9/multiprocessing/spawn.py", line 116, in spawn_main
    exitcode = _main(fd, parent_sentinel)
  File "/Library/Developer/CommandLineTools/Library/Frameworks/Python3.framework/Versions/3.9/lib/python3.9/multiprocessing/spawn.py", line 125, in _main
    prepare(preparation_data)
  File "/Library/Developer/CommandLineTools/Library/Frameworks/Python3.framework/Versions/3.9/lib/python3.9/multiprocessing/spawn.py", line 236, in prepare
    _fixup_main_from_path(data['init_main_from_path'])
  File "/Library/Developer/CommandLineTools/Library/Frameworks/Python3.framework/Versions/3.9/lib/python3.9/multiprocessing/spawn.py", line 287, in _fixup_main_from_path
    main_content = runpy.run_path(main_path,
  File "/Library/Developer/CommandLineTools/Library/Frameworks/Python3.framework/Versions/3.9/lib/python3.9/runpy.py", line 267, in run_path
    code, fname = _get_code_from_file(run_name, path_name)
  File "/Library/Developer/CommandLineTools/Library/Frameworks/Python3.framework/Versions/3.9/lib/python3.9/runpy.py", line 237, in _get_code_from_file
    with io.open_code(decoded_path) as f:
FileNotFoundError: [Errno 2] No such file or directory: '/Users/ashokkumar/Desktop/alg-discovery/longterm_server.py'
2025-07-02 01:51:31,471 - watchfiles.main - INFO - 1 change detected
WARNING:  WatchFiles detected changes in 'api/services/long_term_service.py'. Reloading...
Traceback (most recent call last):
  File "<string>", line 1, in <module>
  File "/Library/Developer/CommandLineTools/Library/Frameworks/Python3.framework/Versions/3.9/lib/python3.9/multiprocessing/spawn.py", line 116, in spawn_main
    exitcode = _main(fd, parent_sentinel)
  File "/Library/Developer/CommandLineTools/Library/Frameworks/Python3.framework/Versions/3.9/lib/python3.9/multiprocessing/spawn.py", line 125, in _main
    prepare(preparation_data)
  File "/Library/Developer/CommandLineTools/Library/Frameworks/Python3.framework/Versions/3.9/lib/python3.9/multiprocessing/spawn.py", line 236, in prepare
    _fixup_main_from_path(data['init_main_from_path'])
  File "/Library/Developer/CommandLineTools/Library/Frameworks/Python3.framework/Versions/3.9/lib/python3.9/multiprocessing/spawn.py", line 287, in _fixup_main_from_path
    main_content = runpy.run_path(main_path,
  File "/Library/Developer/CommandLineTools/Library/Frameworks/Python3.framework/Versions/3.9/lib/python3.9/runpy.py", line 267, in run_path
    code, fname = _get_code_from_file(run_name, path_name)
  File "/Library/Developer/CommandLineTools/Library/Frameworks/Python3.framework/Versions/3.9/lib/python3.9/runpy.py", line 237, in _get_code_from_file
    with io.open_code(decoded_path) as f:
FileNotFoundError: [Errno 2] No such file or directory: '/Users/ashokkumar/Desktop/alg-discovery/longterm_server.py'
2025-07-02 01:52:00,129 - watchfiles.main - INFO - 1 change detected
WARNING:  WatchFiles detected changes in 'order/__init__.py'. Reloading...
Traceback (most recent call last):
  File "<string>", line 1, in <module>
  File "/Library/Developer/CommandLineTools/Library/Frameworks/Python3.framework/Versions/3.9/lib/python3.9/multiprocessing/spawn.py", line 116, in spawn_main
    exitcode = _main(fd, parent_sentinel)
  File "/Library/Developer/CommandLineTools/Library/Frameworks/Python3.framework/Versions/3.9/lib/python3.9/multiprocessing/spawn.py", line 125, in _main
    prepare(preparation_data)
  File "/Library/Developer/CommandLineTools/Library/Frameworks/Python3.framework/Versions/3.9/lib/python3.9/multiprocessing/spawn.py", line 236, in prepare
    _fixup_main_from_path(data['init_main_from_path'])
  File "/Library/Developer/CommandLineTools/Library/Frameworks/Python3.framework/Versions/3.9/lib/python3.9/multiprocessing/spawn.py", line 287, in _fixup_main_from_path
    main_content = runpy.run_path(main_path,
  File "/Library/Developer/CommandLineTools/Library/Frameworks/Python3.framework/Versions/3.9/lib/python3.9/runpy.py", line 267, in run_path
    code, fname = _get_code_from_file(run_name, path_name)
  File "/Library/Developer/CommandLineTools/Library/Frameworks/Python3.framework/Versions/3.9/lib/python3.9/runpy.py", line 237, in _get_code_from_file
    with io.open_code(decoded_path) as f:
FileNotFoundError: [Errno 2] No such file or directory: '/Users/ashokkumar/Desktop/alg-discovery/longterm_server.py'
2025-07-02 01:53:08,275 - watchfiles.main - INFO - 1 change detected
WARNING:  WatchFiles detected changes in 'order/__init__.py'. Reloading...
Traceback (most recent call last):
  File "<string>", line 1, in <module>
  File "/Library/Developer/CommandLineTools/Library/Frameworks/Python3.framework/Versions/3.9/lib/python3.9/multiprocessing/spawn.py", line 116, in spawn_main
    exitcode = _main(fd, parent_sentinel)
  File "/Library/Developer/CommandLineTools/Library/Frameworks/Python3.framework/Versions/3.9/lib/python3.9/multiprocessing/spawn.py", line 125, in _main
    prepare(preparation_data)
  File "/Library/Developer/CommandLineTools/Library/Frameworks/Python3.framework/Versions/3.9/lib/python3.9/multiprocessing/spawn.py", line 236, in prepare
    _fixup_main_from_path(data['init_main_from_path'])
  File "/Library/Developer/CommandLineTools/Library/Frameworks/Python3.framework/Versions/3.9/lib/python3.9/multiprocessing/spawn.py", line 287, in _fixup_main_from_path
    main_content = runpy.run_path(main_path,
  File "/Library/Developer/CommandLineTools/Library/Frameworks/Python3.framework/Versions/3.9/lib/python3.9/runpy.py", line 267, in run_path
    code, fname = _get_code_from_file(run_name, path_name)
  File "/Library/Developer/CommandLineTools/Library/Frameworks/Python3.framework/Versions/3.9/lib/python3.9/runpy.py", line 237, in _get_code_from_file
    with io.open_code(decoded_path) as f:
FileNotFoundError: [Errno 2] No such file or directory: '/Users/ashokkumar/Desktop/alg-discovery/longterm_server.py'
2025-07-02 01:54:17,807 - watchfiles.main - INFO - 1 change detected
WARNING:  WatchFiles detected changes in 'api/longterm_server.py'. Reloading...
Traceback (most recent call last):
  File "<string>", line 1, in <module>
  File "/Library/Developer/CommandLineTools/Library/Frameworks/Python3.framework/Versions/3.9/lib/python3.9/multiprocessing/spawn.py", line 116, in spawn_main
    exitcode = _main(fd, parent_sentinel)
  File "/Library/Developer/CommandLineTools/Library/Frameworks/Python3.framework/Versions/3.9/lib/python3.9/multiprocessing/spawn.py", line 125, in _main
    prepare(preparation_data)
  File "/Library/Developer/CommandLineTools/Library/Frameworks/Python3.framework/Versions/3.9/lib/python3.9/multiprocessing/spawn.py", line 236, in prepare
    _fixup_main_from_path(data['init_main_from_path'])
  File "/Library/Developer/CommandLineTools/Library/Frameworks/Python3.framework/Versions/3.9/lib/python3.9/multiprocessing/spawn.py", line 287, in _fixup_main_from_path
    main_content = runpy.run_path(main_path,
  File "/Library/Developer/CommandLineTools/Library/Frameworks/Python3.framework/Versions/3.9/lib/python3.9/runpy.py", line 267, in run_path
    code, fname = _get_code_from_file(run_name, path_name)
  File "/Library/Developer/CommandLineTools/Library/Frameworks/Python3.framework/Versions/3.9/lib/python3.9/runpy.py", line 237, in _get_code_from_file
    with io.open_code(decoded_path) as f:
FileNotFoundError: [Errno 2] No such file or directory: '/Users/ashokkumar/Desktop/alg-discovery/longterm_server.py'
2025-07-02 01:54:19,718 - watchfiles.main - INFO - 1 change detected
WARNING:  WatchFiles detected changes in 'api/longterm_server.py'. Reloading...
Traceback (most recent call last):
  File "<string>", line 1, in <module>
  File "/Library/Developer/CommandLineTools/Library/Frameworks/Python3.framework/Versions/3.9/lib/python3.9/multiprocessing/spawn.py", line 116, in spawn_main
    exitcode = _main(fd, parent_sentinel)
  File "/Library/Developer/CommandLineTools/Library/Frameworks/Python3.framework/Versions/3.9/lib/python3.9/multiprocessing/spawn.py", line 125, in _main
    prepare(preparation_data)
  File "/Library/Developer/CommandLineTools/Library/Frameworks/Python3.framework/Versions/3.9/lib/python3.9/multiprocessing/spawn.py", line 236, in prepare
    _fixup_main_from_path(data['init_main_from_path'])
  File "/Library/Developer/CommandLineTools/Library/Frameworks/Python3.framework/Versions/3.9/lib/python3.9/multiprocessing/spawn.py", line 287, in _fixup_main_from_path
    main_content = runpy.run_path(main_path,
  File "/Library/Developer/CommandLineTools/Library/Frameworks/Python3.framework/Versions/3.9/lib/python3.9/runpy.py", line 267, in run_path
    code, fname = _get_code_from_file(run_name, path_name)
  File "/Library/Developer/CommandLineTools/Library/Frameworks/Python3.framework/Versions/3.9/lib/python3.9/runpy.py", line 237, in _get_code_from_file
    with io.open_code(decoded_path) as f:
FileNotFoundError: [Errno 2] No such file or directory: '/Users/ashokkumar/Desktop/alg-discovery/longterm_server.py'
2025-07-02 01:54:31,106 - watchfiles.main - INFO - 1 change detected
WARNING:  WatchFiles detected changes in 'api/longterm_server.py'. Reloading...
Traceback (most recent call last):
  File "<string>", line 1, in <module>
  File "/Library/Developer/CommandLineTools/Library/Frameworks/Python3.framework/Versions/3.9/lib/python3.9/multiprocessing/spawn.py", line 116, in spawn_main
    exitcode = _main(fd, parent_sentinel)
  File "/Library/Developer/CommandLineTools/Library/Frameworks/Python3.framework/Versions/3.9/lib/python3.9/multiprocessing/spawn.py", line 125, in _main
    prepare(preparation_data)
  File "/Library/Developer/CommandLineTools/Library/Frameworks/Python3.framework/Versions/3.9/lib/python3.9/multiprocessing/spawn.py", line 236, in prepare
    _fixup_main_from_path(data['init_main_from_path'])
  File "/Library/Developer/CommandLineTools/Library/Frameworks/Python3.framework/Versions/3.9/lib/python3.9/multiprocessing/spawn.py", line 287, in _fixup_main_from_path
    main_content = runpy.run_path(main_path,
  File "/Library/Developer/CommandLineTools/Library/Frameworks/Python3.framework/Versions/3.9/lib/python3.9/runpy.py", line 267, in run_path
    code, fname = _get_code_from_file(run_name, path_name)
  File "/Library/Developer/CommandLineTools/Library/Frameworks/Python3.framework/Versions/3.9/lib/python3.9/runpy.py", line 237, in _get_code_from_file
    with io.open_code(decoded_path) as f:
FileNotFoundError: [Errno 2] No such file or directory: '/Users/ashokkumar/Desktop/alg-discovery/longterm_server.py'
INFO:     Stopping reloader process [57023]
